[33m---> Installing system packages...[0m
[32m---> zsh is available in the repositories or AUR.[0m
[33m---> btop not found. Installing with yay...[0m
Sync Explicit (1): btop-1.4.0-4
Sync Explicit (1): btop-1.4.0-4
resolving dependencies...
resolving dependencies...
looking for conflicting packages...
looking for conflicting packages...

Packages (1) btop-1.4.0-4

Total Installed Size:  1.56 MiB

:: Proceed with installation? [Y/n] 
Packages (1) btop-1.4.0-4

Total Installed Size:  1.56 MiB

:: Proceed with installation? [Y/n] 
checking keyring...

checking keyring...
checking package integrity...
checking package integrity...
loading package files...
loading package files...
checking for file conflicts...
checking for file conflicts...
checking available disk space...
checking available disk space...
:: Processing package changes...
installing btop...
:: Processing package changes...
installing btop...
Optional dependencies for btop
    rocm-smi-lib: AMD GPU support
Optional dependencies for btop
    rocm-smi-lib: AMD GPU support
:: Running post-transaction hooks...
(1/3) Arming ConditionNeedsUpdate...
:: Running post-transaction hooks...
(1/3) Arming ConditionNeedsUpdate...
(2/3) Updating icon theme caches...
(2/3) Updating icon theme caches...
(3/3) Updating the desktop file MIME type cache...
(3/3) Updating the desktop file MIME type cache...
[32m---> neovim is available in the repositories or AUR.[0m
[32m---> lazygit is available in the repositories or AUR.[0m
[32m---> tmux is available in the repositories or AUR.[0m
[32m---> neofetch is available in the repositories or AUR.[0m
[32m---> stow is available in the repositories or AUR.[0m
[32m---> blueman is available in the repositories or AUR.[0m
[33m---> systemd-homed not found. Installing with yay...[0m
 -> No AUR package found for systemd-homed
 there is nothing to do
 there is nothing to do
[32m---> gnome-disk-utility is available in the repositories or AUR.[0m
[32m---> nautilus is available in the repositories or AUR.[0m
[32m---> hyprpaper is available in the repositories or AUR.[0m
[32m---> hyprland is available in the repositories or AUR.[0m
[32m---> wayland is available in the repositories or AUR.[0m
[32m---> wayland-protocols is available in the repositories or AUR.[0m
[32m---> wlroots is available in the repositories or AUR.[0m
[32m---> xorg-xwayland is available in the repositories or AUR.[0m
[32m---> qt5-wayland is available in the repositories or AUR.[0m
[32m---> qt6-wayland is available in the repositories or AUR.[0m
[32m---> wofi is available in the repositories or AUR.[0m
[33m---> waybar not found. Installing with yay...[0m
Sync Explicit (1): waybar-0.11.0-4
Sync Explicit (1): waybar-0.11.0-4
resolving dependencies...
resolving dependencies...
looking for conflicting packages...
looking for conflicting packages...

Packages (14) atkmm-2.28.4-1  cairomm-1.14.5-1  fmt-11.0.2-1  glibmm-2.66.7-1  gtkmm3-3.24.9-1  libbsd-0.12.2-2  libmd-1.1.0-2  libmpdclient-2.22-1  libsigc++-2.12.1-1  pangomm-2.46.4-1  playerctl-2.4.1-4  sndio-1.10.0-1  spdlog-1.15.0-1  waybar-0.11.0-4

Total Installed Size:  25.14 MiB

:: Proceed with installation? [Y/n] 
Packages (14) atkmm-2.28.4-1  cairomm-1.14.5-1  fmt-11.0.2-1  glibmm-2.66.7-1  gtkmm3-3.24.9-1  libbsd-0.12.2-2  libmd-1.1.0-2  libmpdclient-2.22-1  libsigc++-2.12.1-1  pangomm-2.46.4-1  playerctl-2.4.1-4  sndio-1.10.0-1  spdlog-1.15.0-1  waybar-0.11.0-4

Total Installed Size:  25.14 MiB

:: Proceed with installation? [Y/n] 
checking keyring...

checking keyring...
checking package integrity...
checking package integrity...
loading package files...
loading package files...
checking for file conflicts...
checking for file conflicts...
checking available disk space...
checking available disk space...
:: Processing package changes...
installing libsigc++...
:: Processing package changes...
installing libsigc++...
installing glibmm...
installing glibmm...
installing atkmm...
installing atkmm...
installing cairomm...
installing cairomm...
installing fmt...
installing fmt...
installing pangomm...
installing pangomm...
installing gtkmm3...
installing gtkmm3...
installing libmpdclient...
installing libmpdclient...
installing playerctl...
installing playerctl...
installing libmd...
installing libmd...
installing libbsd...
installing libbsd...
installing sndio...
installing sndio...
installing spdlog...
installing spdlog...
installing waybar...
installing waybar...
Optional dependencies for waybar
    otf-font-awesome: Icons in the default configuration
Optional dependencies for waybar
    otf-font-awesome: Icons in the default configuration
:: Running post-transaction hooks...
(1/3) Reloading system manager configuration...
:: Running post-transaction hooks...
(1/3) Reloading system manager configuration...
(2/3) Reloading user manager configuration...
(2/3) Reloading user manager configuration...
(3/3) Arming ConditionNeedsUpdate...
(3/3) Arming ConditionNeedsUpdate...
[32m---> wlogout is available in the repositories or AUR.[0m
[32m---> swappy is available in the repositories or AUR.[0m
[32m---> xdg-desktop-portal-gtk is available in the repositories or AUR.[0m
[32m---> ttf-dejavu is available in the repositories or AUR.[0m
[32m---> ttf-freefont is available in the repositories or AUR.[0m
[32m---> fontconfig is available in the repositories or AUR.[0m
[32m---> noto-fonts is available in the repositories or AUR.[0m
[32m---> ttf-hack is available in the repositories or AUR.[0m
[32m---> ttf-material-design-icons is available in the repositories or AUR.[0m
[32m---> ttf-font-awesome is available in the repositories or AUR.[0m
[32m---> networkmanager is available in the repositories or AUR.[0m
[32m---> network-manager-applet is available in the repositories or AUR.[0m
[32m---> xorg-server-xwayland is available in the repositories or AUR.[0m
[32m---> pavucontrol is available in the repositories or AUR.[0m
[33m---> pulseaudio not found. Installing with yay...[0m
Sync Explicit (1): pulseaudio-17.0+r43+g3e2bb8a1e-1
Sync Explicit (1): pulseaudio-17.0+r43+g3e2bb8a1e-1
resolving dependencies...
resolving dependencies...
looking for conflicting packages...
looking for conflicting packages...
error: unresolvable package conflicts detected
error: failed to prepare transaction (conflicting dependencies)
:: pulseaudio-17.0+r43+g3e2bb8a1e-1 and pipewire-pulse-1:1.2.7-1 are in conflict. Remove pipewire-pulse? [y/N] 
:: pulseaudio-17.0+r43+g3e2bb8a1e-1 and pipewire-pulse-1:1.2.7-1 are in conflict
:: pulseaudio-17.0+r43+g3e2bb8a1e-1 and pipewire-pulse-1:1.2.7-1 are in conflict. Remove pipewire-pulse? [y/N] 
:: pulseaudio-17.0+r43+g3e2bb8a1e-1 and pipewire-pulse-1:1.2.7-1 are in conflict
 -> error installing repo packages
[32m---> playerctl is available in the repositories or AUR.[0m
[32m---> pipewire is available in the repositories or AUR.[0m
[32m---> pipewire-alsa is available in the repositories or AUR.[0m
[32m---> pipewire-pulse is available in the repositories or AUR.[0m
[32m---> pipewire-jack is available in the repositories or AUR.[0m
[32m---> nvidia is available in the repositories or AUR.[0m
[32m---> nvidia-utils is available in the repositories or AUR.[0m
[32m---> nvidia-settings is available in the repositories or AUR.[0m
[32m---> polkit-gnome is available in the repositories or AUR.[0m
[32m---> wl-clipboard is available in the repositories or AUR.[0m
[32m---> kitty is available in the repositories or AUR.[0m
[32m---> yazi is available in the repositories or AUR.[0m
[32m---> python-pillow is available in the repositories or AUR.[0m
[33m---> xdg-desktop-portal-hyprland-git not found. Installing with yay...[0m
AUR Dependency (3): hyprwayland-scanner-git-0.4.2.r1.g500c81a9-1, hyprlang-git-0.6.0.r3.g16e59c1e-1, hyprutils-git-0.2.3.r3.gfd4be8b9-1
AUR Make Dependency (1): hyprland-protocols-git-0.4.0.r1.a7c1838-1
AUR Explicit (1): xdg-desktop-portal-hyprland-git-1.3.6.r1.gfb9c8d66-2
AUR Dependency (3): hyprwayland-scanner-git-0.4.2.r1.g500c81a9-1, hyprlang-git-0.6.0.r3.g16e59c1e-1, hyprutils-git-0.2.3.r3.gfd4be8b9-1
AUR Make Dependency (1): hyprland-protocols-git-0.4.0.r1.a7c1838-1
AUR Explicit (1): xdg-desktop-portal-hyprland-git-1.3.6.r1.gfb9c8d66-2
:: [1mPKGBUILD up to date, skipping download: xdg-desktop-portal-hyprland-git[0m
:: [1mPKGBUILD up to date, skipping download: xdg-desktop-portal-hyprland-git[0m
:: [1mPKGBUILD up to date, skipping download: hyprwayland-scanner-git[0m
:: [1mPKGBUILD up to date, skipping download: hyprwayland-scanner-git[0m
:: [1mPKGBUILD up to date, skipping download: hyprland-protocols-git[0m
:: [1mPKGBUILD up to date, skipping download: hyprland-protocols-git[0m
:: [1mPKGBUILD up to date, skipping download: hyprlang-git[0m
:: [1mPKGBUILD up to date, skipping download: hyprlang-git[0m
:: [1mPKGBUILD up to date, skipping download: hyprutils-git[0m
:: [1mPKGBUILD up to date, skipping download: hyprutils-git[0m
  5 hyprland-protocols-git                   (Build Files Exist)
  4 hyprlang-git                             (Build Files Exist)
  3 hyprutils-git                            (Build Files Exist)
  2 xdg-desktop-portal-hyprland-git          (Build Files Exist)
  1 hyprwayland-scanner-git                  (Build Files Exist)
==> Packages to cleanBuild?
==> [N]one [A]ll [Ab]ort [I]nstalled [No]tInstalled or (1 2 3, 1-3, ^4)
==> 
  5 xdg-desktop-portal-hyprland-git          (Build Files Exist)
  4 hyprwayland-scanner-git                  (Build Files Exist)
  3 hyprland-protocols-git                   (Build Files Exist)
  2 hyprlang-git                             (Build Files Exist)
  1 hyprutils-git                            (Build Files Exist)
==> Diffs to show?
==> [N]one [A]ll [Ab]ort [I]nstalled [No]tInstalled or (1 2 3, 1-3, ^4)
==> 
  5 hyprland-protocols-git                   (Build Files Exist)
  4 hyprlang-git                             (Build Files Exist)
  3 hyprutils-git                            (Build Files Exist)
  2 xdg-desktop-portal-hyprland-git          (Build Files Exist)
  1 hyprwayland-scanner-git                  (Build Files Exist)
==> Packages to cleanBuild?
==> [N]one [A]ll [Ab]ort [I]nstalled [No]tInstalled or (1 2 3, 1-3, ^4)
==> 
  5 xdg-desktop-portal-hyprland-git          (Build Files Exist)
  4 hyprwayland-scanner-git                  (Build Files Exist)
  3 hyprland-protocols-git                   (Build Files Exist)
  2 hyprlang-git                             (Build Files Exist)
  1 hyprutils-git                            (Build Files Exist)
==> Diffs to show?
==> [N]one [A]ll [Ab]ort [I]nstalled [No]tInstalled or (1 2 3, 1-3, ^4)
==> 
==> Making package: hyprwayland-scanner-git 0.4.2.r1.g500c81a9-1 (Mon 23 Dec 2024 12:12:36 PM -03)
==> Making package: hyprwayland-scanner-git 0.4.2.r1.g500c81a9-1 (Mon 23 Dec 2024 12:12:36 PM -03)
==> Retrieving sources...
==> Retrieving sources...
  -> Updating hyprwayland-scanner git repo...
  -> Updating hyprwayland-scanner git repo...
==> WARNING: Skipping verification of source file PGP signatures.
==> Validating source files with sha256sums...
==> Validating source files with sha256sums...
    hyprwayland-scanner ... Skipped
==> Making package: hyprland-protocols-git 0.4.0.r1.a7c1838-1 (Mon 23 Dec 2024 12:12:38 PM -03)
==> Making package: hyprland-protocols-git 0.4.0.r1.a7c1838-1 (Mon 23 Dec 2024 12:12:38 PM -03)
==> Retrieving sources...
==> Retrieving sources...
  -> Updating hyprland-protocols git repo...
  -> Updating hyprland-protocols git repo...
==> WARNING: Skipping verification of source file PGP signatures.
==> Validating source files with b2sums...
==> Validating source files with b2sums...
    hyprland-protocols ... Skipped
==> Making package: hyprlang-git 0.6.0.r3.g16e59c1e-1 (Mon 23 Dec 2024 12:12:41 PM -03)
==> Making package: hyprlang-git 0.6.0.r3.g16e59c1e-1 (Mon 23 Dec 2024 12:12:41 PM -03)
==> Retrieving sources...
==> Retrieving sources...
  -> Updating hyprlang git repo...
  -> Updating hyprlang git repo...
==> WARNING: Skipping verification of source file PGP signatures.
==> Validating source files with sha256sums...
==> Validating source files with sha256sums...
    hyprlang ... Skipped
==> Making package: hyprutils-git 0.2.3.r3.gfd4be8b9-1 (Mon 23 Dec 2024 12:12:43 PM -03)
==> Making package: hyprutils-git 0.2.3.r3.gfd4be8b9-1 (Mon 23 Dec 2024 12:12:43 PM -03)
==> Retrieving sources...
==> Retrieving sources...
  -> Updating hyprutils git repo...
  -> Updating hyprutils git repo...
==> WARNING: Skipping verification of source file PGP signatures.
==> Validating source files with sha256sums...
==> Validating source files with sha256sums...
    hyprutils ... Skipped
==> Making package: xdg-desktop-portal-hyprland-git 1.3.6.r1.gfb9c8d66-2 (Mon 23 Dec 2024 12:12:46 PM -03)
==> Making package: xdg-desktop-portal-hyprland-git 1.3.6.r1.gfb9c8d66-2 (Mon 23 Dec 2024 12:12:46 PM -03)
==> Retrieving sources...
==> Retrieving sources...
  -> Updating xdg-desktop-portal-hyprland git repo...
  -> Updating xdg-desktop-portal-hyprland git repo...
From https://github.com/hyprwm/xdg-desktop-portal-hyprland
 + 7c381c7...a1d88df refs/pull/268/head  -> refs/pull/268/head  (forced update)
 + 0c94e00...42ec2d7 refs/pull/268/merge -> refs/pull/268/merge  (forced update)
==> WARNING: Skipping verification of source file PGP signatures.
==> Validating source files with sha256sums...
==> Validating source files with sha256sums...
    xdg-desktop-portal-hyprland ... Skipped
:: [1m(1/5) Parsing SRCINFO: hyprutils-git[0m
:: [1m(2/5) Parsing SRCINFO: xdg-desktop-portal-hyprland-git[0m
:: [1m(1/5) Parsing SRCINFO: hyprutils-git[0m
:: [1m(2/5) Parsing SRCINFO: xdg-desktop-portal-hyprland-git[0m
:: [1m(3/5) Parsing SRCINFO: hyprwayland-scanner-git[0m
:: [1m(4/5) Parsing SRCINFO: hyprland-protocols-git[0m
:: [1m(5/5) Parsing SRCINFO: hyprlang-git[0m
:: [1m(3/5) Parsing SRCINFO: hyprwayland-scanner-git[0m
:: [1m(4/5) Parsing SRCINFO: hyprland-protocols-git[0m
:: [1m(5/5) Parsing SRCINFO: hyprlang-git[0m
==> Making package: hyprutils-git 0.2.3.r3.gfd4be8b9-1 (Mon 23 Dec 2024 12:12:48 PM -03)
==> Making package: hyprutils-git 0.2.3.r3.gfd4be8b9-1 (Mon 23 Dec 2024 12:12:48 PM -03)
==> Checking runtime dependencies...
==> Checking runtime dependencies...
==> Checking buildtime dependencies...
==> Checking buildtime dependencies...
==> Retrieving sources...
==> Retrieving sources...
  -> Updating hyprutils git repo...
  -> Updating hyprutils git repo...
==> Validating source files with sha256sums...
==> Validating source files with sha256sums...
    hyprutils ... Skipped
==> Removing existing $srcdir/ directory...
==> Removing existing $srcdir/ directory...
==> Extracting sources...
==> Extracting sources...
  -> Creating working copy of hyprutils git repo...
  -> Creating working copy of hyprutils git repo...
Cloning into 'hyprutils'...
done.
==> Starting pkgver()...
==> Starting pkgver()...
==> Updated version: hyprutils-git 0.3.0.r0.g5e45b1a1-1
==> Updated version: hyprutils-git 0.3.0.r0.g5e45b1a1-1
==> Sources are ready.
==> Sources are ready.
 -> hyprutils-git-0.3.0.r0.g5e45b1a1-1 already made -- skipping build
 -> hyprutils-git-0.3.0.r0.g5e45b1a1-1 already made -- skipping build
==> Making package: hyprutils-git 0.3.0.r0.g5e45b1a1-1 (Mon 23 Dec 2024 12:12:52 PM -03)
==> Making package: hyprutils-git 0.3.0.r0.g5e45b1a1-1 (Mon 23 Dec 2024 12:12:52 PM -03)
==> Checking runtime dependencies...
==> Checking runtime dependencies...
==> Checking buildtime dependencies...
==> Checking buildtime dependencies...
==> WARNING: Using existing $srcdir/ tree
==> Starting pkgver()...
==> Starting pkgver()...
==> Sources are ready.
==> Sources are ready.
loading packages...
resolving dependencies...
loading packages...
resolving dependencies...
looking for conflicting packages...
looking for conflicting packages...
:: hyprutils-git-0.3.0.r0.g5e45b1a1-1 and hyprutils-0.2.6-1 are in conflict. Remove hyprutils? [y/N] 
:: hyprutils-git-0.3.0.r0.g5e45b1a1-1 and hyprutils-0.2.6-1 are in conflict
error: unresolvable package conflicts detected
error: failed to prepare transaction (conflicting dependencies)
:: hyprutils-git-0.3.0.r0.g5e45b1a1-1 and hyprutils-0.2.6-1 are in conflict. Remove hyprutils? [y/N] 
:: hyprutils-git-0.3.0.r0.g5e45b1a1-1 and hyprutils-0.2.6-1 are in conflict
 -> Failed to install layer, rolling up to next layer.error:error installing: [/home/felix/.cache/yay/hyprutils-git/hyprutils-git-0.3.0.r0.g5e45b1a1-1-x86_64.pkg.tar.zst /home/felix/.cache/yay/hyprutils-git/hyprutils-git-debug-0.3.0.r0.g5e45b1a1-1-x86_64.pkg.tar.zst] - exit status 1
 -> Failed to install layer, rolling up to next layer.error:error installing: [/home/felix/.cache/yay/hyprutils-git/hyprutils-git-0.3.0.r0.g5e45b1a1-1-x86_64.pkg.tar.zst /home/felix/.cache/yay/hyprutils-git/hyprutils-git-debug-0.3.0.r0.g5e45b1a1-1-x86_64.pkg.tar.zst] - exit status 1
==> Making package: hyprwayland-scanner-git 0.4.2.r1.g500c81a9-1 (Mon 23 Dec 2024 12:12:54 PM -03)
==> Making package: hyprwayland-scanner-git 0.4.2.r1.g500c81a9-1 (Mon 23 Dec 2024 12:12:54 PM -03)
==> Checking runtime dependencies...
==> Checking runtime dependencies...
==> Checking buildtime dependencies...
==> Checking buildtime dependencies...
==> Retrieving sources...
==> Retrieving sources...
  -> Updating hyprwayland-scanner git repo...
  -> Updating hyprwayland-scanner git repo...
==> Validating source files with sha256sums...
==> Validating source files with sha256sums...
    hyprwayland-scanner ... Skipped
==> Removing existing $srcdir/ directory...
==> Removing existing $srcdir/ directory...
==> Extracting sources...
==> Extracting sources...
  -> Creating working copy of hyprwayland-scanner git repo...
  -> Creating working copy of hyprwayland-scanner git repo...
Cloning into 'hyprwayland-scanner'...
done.
==> Starting pkgver()...
==> Starting pkgver()...
==> Updated version: hyprwayland-scanner-git 0.4.2.r3.g4d7367b6-1
==> Updated version: hyprwayland-scanner-git 0.4.2.r3.g4d7367b6-1
==> Sources are ready.
==> Sources are ready.
 -> hyprwayland-scanner-git-0.4.2.r3.g4d7367b6-1 already made -- skipping build
 -> hyprwayland-scanner-git-0.4.2.r3.g4d7367b6-1 already made -- skipping build
==> Making package: hyprwayland-scanner-git 0.4.2.r3.g4d7367b6-1 (Mon 23 Dec 2024 12:12:58 PM -03)
==> Making package: hyprwayland-scanner-git 0.4.2.r3.g4d7367b6-1 (Mon 23 Dec 2024 12:12:58 PM -03)
==> Checking runtime dependencies...
==> Checking runtime dependencies...
==> Checking buildtime dependencies...
==> Checking buildtime dependencies...
==> WARNING: Using existing $srcdir/ tree
==> Starting pkgver()...
==> Starting pkgver()...
==> Sources are ready.
==> Sources are ready.
==> Making package: hyprland-protocols-git 0.4.0.r1.a7c1838-1 (Mon 23 Dec 2024 12:13:00 PM -03)
==> Making package: hyprland-protocols-git 0.4.0.r1.a7c1838-1 (Mon 23 Dec 2024 12:13:00 PM -03)
==> Checking runtime dependencies...
==> Checking runtime dependencies...
==> Checking buildtime dependencies...
==> Checking buildtime dependencies...
==> Retrieving sources...
==> Retrieving sources...
  -> Updating hyprland-protocols git repo...
  -> Updating hyprland-protocols git repo...
==> Validating source files with b2sums...
==> Validating source files with b2sums...
    hyprland-protocols ... Skipped
==> Removing existing $srcdir/ directory...
==> Removing existing $srcdir/ directory...
==> Extracting sources...
==> Extracting sources...
  -> Creating working copy of hyprland-protocols git repo...
  -> Creating working copy of hyprland-protocols git repo...
Cloning into 'hyprland-protocols'...
done.
==> Starting pkgver()...
==> Starting pkgver()...
==> Sources are ready.
==> Sources are ready.
==> Making package: hyprland-protocols-git 0.4.0.r1.a7c1838-1 (Mon 23 Dec 2024 12:13:05 PM -03)
==> Making package: hyprland-protocols-git 0.4.0.r1.a7c1838-1 (Mon 23 Dec 2024 12:13:05 PM -03)
==> Checking runtime dependencies...
==> Checking runtime dependencies...
==> Checking buildtime dependencies...
==> Checking buildtime dependencies...
==> WARNING: Using existing $srcdir/ tree
==> Starting pkgver()...
==> Starting pkgver()...
==> Starting build()...
==> Starting build()...
The Meson build system
Version: 1.6.1
Source dir: /home/felix/.cache/yay/hyprland-protocols-git/src/hyprland-protocols
Build dir: /home/felix/.cache/yay/hyprland-protocols-git/src/hyprland-protocols/build
Build type: native build
Project name: hyprland-protocols
Project version: 0.4.0
Host machine cpu family: x86_64
Host machine cpu: x86_64
Configuring hyprland-protocols.pc using configuration
Build targets in project: 0

hyprland-protocols 0.4.0

  User defined options
    buildtype : release
    libexecdir: lib
    prefix    : /usr
    wrap_mode : nodownload

Found ninja-1.12.1 at /usr/bin/ninja
The Meson build system
Version: 1.6.1
Source dir: /home/felix/.cache/yay/hyprland-protocols-git/src/hyprland-protocols
Build dir: /home/felix/.cache/yay/hyprland-protocols-git/src/hyprland-protocols/build
Build type: native build
Project name: hyprland-protocols
Project version: 0.4.0
Host machine cpu family: x86_64
Host machine cpu: x86_64
Configuring hyprland-protocols.pc using configuration
Build targets in project: 0

hyprland-protocols 0.4.0

  User defined options
    buildtype : release
    libexecdir: lib
    prefix    : /usr
    wrap_mode : nodownload

Found ninja-1.12.1 at /usr/bin/ninja
Generating targets: |          | 0/0 eta ?                                          Writing build.ninja:   0%|          | 0/24 eta ?                                                ninja: Entering directory `/home/felix/.cache/yay/hyprland-protocols-git/src/hyprland-protocols/build'
ninja: Entering directory `/home/felix/.cache/yay/hyprland-protocols-git/src/hyprland-protocols/build'
ninja: no work to do.
ninja: no work to do.
INFO: autodetecting backend as ninja
INFO: calculating backend command to run: /usr/bin/ninja -C /home/felix/.cache/yay/hyprland-protocols-git/src/hyprland-protocols/build
INFO: autodetecting backend as ninja
INFO: calculating backend command to run: /usr/bin/ninja -C /home/felix/.cache/yay/hyprland-protocols-git/src/hyprland-protocols/build
==> Entering fakeroot environment...
==> Entering fakeroot environment...
==> Starting package()...
==> Starting package()...
ninja: Entering directory `/home/felix/.cache/yay/hyprland-protocols-git/src/hyprland-protocols/build'
ninja: Entering directory `/home/felix/.cache/yay/hyprland-protocols-git/src/hyprland-protocols/build'
ninja: no work to do.
ninja: no work to do.
Installing /home/felix/.cache/yay/hyprland-protocols-git/src/hyprland-protocols/protocols/hyprland-ctm-control-v1.xml to /home/felix/.cache/yay/hyprland-protocols-git/pkg/hyprland-protocols-git/usr/share/hyprland-protocols/protocols
Installing /home/felix/.cache/yay/hyprland-protocols-git/src/hyprland-protocols/protocols/hyprland-focus-grab-v1.xml to /home/felix/.cache/yay/hyprland-protocols-git/pkg/hyprland-protocols-git/usr/share/hyprland-protocols/protocols
Installing /home/felix/.cache/yay/hyprland-protocols-git/src/hyprland-protocols/protocols/hyprland-global-shortcuts-v1.xml to /home/felix/.cache/yay/hyprland-protocols-git/pkg/hyprland-protocols-git/usr/share/hyprland-protocols/protocols
Installing /home/felix/.cache/yay/hyprland-protocols-git/src/hyprland-protocols/protocols/hyprland-toplevel-export-v1.xml to /home/felix/.cache/yay/hyprland-protocols-git/pkg/hyprland-protocols-git/usr/share/hyprland-protocols/protocols
Installing /home/felix/.cache/yay/hyprland-protocols-git/src/hyprland-protocols/build/hyprland-protocols.pc to /home/felix/.cache/yay/hyprland-protocols-git/pkg/hyprland-protocols-git/usr/share/pkgconfig
Installing /home/felix/.cache/yay/hyprland-protocols-git/src/hyprland-protocols/protocols/hyprland-ctm-control-v1.xml to /home/felix/.cache/yay/hyprland-protocols-git/pkg/hyprland-protocols-git/usr/share/hyprland-protocols/protocols
Installing /home/felix/.cache/yay/hyprland-protocols-git/src/hyprland-protocols/protocols/hyprland-focus-grab-v1.xml to /home/felix/.cache/yay/hyprland-protocols-git/pkg/hyprland-protocols-git/usr/share/hyprland-protocols/protocols
Installing /home/felix/.cache/yay/hyprland-protocols-git/src/hyprland-protocols/protocols/hyprland-global-shortcuts-v1.xml to /home/felix/.cache/yay/hyprland-protocols-git/pkg/hyprland-protocols-git/usr/share/hyprland-protocols/protocols
Installing /home/felix/.cache/yay/hyprland-protocols-git/src/hyprland-protocols/protocols/hyprland-toplevel-export-v1.xml to /home/felix/.cache/yay/hyprland-protocols-git/pkg/hyprland-protocols-git/usr/share/hyprland-protocols/protocols
Installing /home/felix/.cache/yay/hyprland-protocols-git/src/hyprland-protocols/build/hyprland-protocols.pc to /home/felix/.cache/yay/hyprland-protocols-git/pkg/hyprland-protocols-git/usr/share/pkgconfig
==> Tidying install...
==> Tidying install...
  -> Removing libtool files...
  -> Removing libtool files...
  -> Purging unwanted files...
  -> Purging unwanted files...
  -> Removing static library files...
  -> Removing static library files...
  -> Stripping unneeded symbols from binaries and libraries...
  -> Stripping unneeded symbols from binaries and libraries...
  -> Compressing man and info pages...
  -> Compressing man and info pages...
==> Checking for packaging issues...
==> Checking for packaging issues...
==> Creating package "hyprland-protocols-git"...
==> Creating package "hyprland-protocols-git"...
  -> Generating .PKGINFO file...
  -> Generating .PKGINFO file...
  -> Generating .BUILDINFO file...
  -> Generating .BUILDINFO file...
  -> Generating .MTREE file...
  -> Generating .MTREE file...
  -> Compressing package...
  -> Compressing package...
==> Leaving fakeroot environment.
==> Leaving fakeroot environment.
==> Finished making: hyprland-protocols-git 0.4.0.r1.a7c1838-1 (Mon 23 Dec 2024 12:13:08 PM -03)
==> Finished making: hyprland-protocols-git 0.4.0.r1.a7c1838-1 (Mon 23 Dec 2024 12:13:08 PM -03)
==> Cleaning up...
==> Cleaning up...
==> Making package: hyprlang-git 0.6.0.r3.g16e59c1e-1 (Mon 23 Dec 2024 12:13:10 PM -03)
==> Making package: hyprlang-git 0.6.0.r3.g16e59c1e-1 (Mon 23 Dec 2024 12:13:10 PM -03)
==> Checking runtime dependencies...
==> Checking runtime dependencies...
==> Missing dependencies:
  -> hyprutils-git
==> Missing dependencies:
  -> hyprutils-git
==> Checking buildtime dependencies...
==> Checking buildtime dependencies...
==> ERROR: Could not resolve all dependencies.
 -> Failed to install layer, rolling up to next layer.error:error making: hyprlang-git - exit status 8
 -> Failed to install layer, rolling up to next layer.error:error making: hyprlang-git - exit status 8
==> Making package: hyprwayland-scanner-git 0.4.2.r3.g4d7367b6-1 (Mon 23 Dec 2024 12:13:12 PM -03)
==> Making package: hyprwayland-scanner-git 0.4.2.r3.g4d7367b6-1 (Mon 23 Dec 2024 12:13:12 PM -03)
==> Checking runtime dependencies...
==> Checking runtime dependencies...
==> Checking buildtime dependencies...
==> Checking buildtime dependencies...
==> Retrieving sources...
==> Retrieving sources...
  -> Updating hyprwayland-scanner git repo...
  -> Updating hyprwayland-scanner git repo...
==> Validating source files with sha256sums...
==> Validating source files with sha256sums...
    hyprwayland-scanner ... Skipped
==> Removing existing $srcdir/ directory...
==> Removing existing $srcdir/ directory...
==> Extracting sources...
==> Extracting sources...
  -> Creating working copy of hyprwayland-scanner git repo...
  -> Creating working copy of hyprwayland-scanner git repo...
Cloning into 'hyprwayland-scanner'...
done.
==> Starting pkgver()...
==> Starting pkgver()...
==> Sources are ready.
==> Sources are ready.
 -> hyprwayland-scanner-git-0.4.2.r3.g4d7367b6-1 already made -- skipping build
 -> hyprwayland-scanner-git-0.4.2.r3.g4d7367b6-1 already made -- skipping build
==> Making package: hyprwayland-scanner-git 0.4.2.r3.g4d7367b6-1 (Mon 23 Dec 2024 12:13:16 PM -03)
==> Making package: hyprwayland-scanner-git 0.4.2.r3.g4d7367b6-1 (Mon 23 Dec 2024 12:13:16 PM -03)
==> Checking runtime dependencies...
==> Checking runtime dependencies...
==> Checking buildtime dependencies...
==> Checking buildtime dependencies...
==> WARNING: Using existing $srcdir/ tree
==> Starting pkgver()...
==> Starting pkgver()...
==> Sources are ready.
==> Sources are ready.
==> Making package: hyprland-protocols-git 0.4.0.r1.a7c1838-1 (Mon 23 Dec 2024 12:13:18 PM -03)
==> Making package: hyprland-protocols-git 0.4.0.r1.a7c1838-1 (Mon 23 Dec 2024 12:13:18 PM -03)
==> Checking runtime dependencies...
==> Checking runtime dependencies...
==> Checking buildtime dependencies...
==> Checking buildtime dependencies...
==> Retrieving sources...
==> Retrieving sources...
  -> Updating hyprland-protocols git repo...
  -> Updating hyprland-protocols git repo...
==> Validating source files with b2sums...
==> Validating source files with b2sums...
    hyprland-protocols ... Skipped
==> Removing existing $srcdir/ directory...
==> Removing existing $srcdir/ directory...
==> Extracting sources...
==> Extracting sources...
  -> Creating working copy of hyprland-protocols git repo...
  -> Creating working copy of hyprland-protocols git repo...
Cloning into 'hyprland-protocols'...
done.
==> Starting pkgver()...
==> Starting pkgver()...
==> Sources are ready.
==> Sources are ready.
==> Making package: hyprland-protocols-git 0.4.0.r1.a7c1838-1 (Mon 23 Dec 2024 12:13:22 PM -03)
==> Making package: hyprland-protocols-git 0.4.0.r1.a7c1838-1 (Mon 23 Dec 2024 12:13:22 PM -03)
==> Checking runtime dependencies...
==> Checking runtime dependencies...
==> Checking buildtime dependencies...
==> Checking buildtime dependencies...
==> WARNING: Using existing $srcdir/ tree
==> Starting pkgver()...
==> Starting pkgver()...
==> Starting build()...
==> Starting build()...
The Meson build system
Version: 1.6.1
Source dir: /home/felix/.cache/yay/hyprland-protocols-git/src/hyprland-protocols
Build dir: /home/felix/.cache/yay/hyprland-protocols-git/src/hyprland-protocols/build
Build type: native build
Project name: hyprland-protocols
Project version: 0.4.0
Host machine cpu family: x86_64
Host machine cpu: x86_64
Configuring hyprland-protocols.pc using configuration
Build targets in project: 0

hyprland-protocols 0.4.0

  User defined options
    buildtype : release
    libexecdir: lib
    prefix    : /usr
    wrap_mode : nodownload

Found ninja-1.12.1 at /usr/bin/ninja
The Meson build system
Version: 1.6.1
Source dir: /home/felix/.cache/yay/hyprland-protocols-git/src/hyprland-protocols
Build dir: /home/felix/.cache/yay/hyprland-protocols-git/src/hyprland-protocols/build
Build type: native build
Project name: hyprland-protocols
Project version: 0.4.0
Host machine cpu family: x86_64
Host machine cpu: x86_64
Configuring hyprland-protocols.pc using configuration
Build targets in project: 0

hyprland-protocols 0.4.0

  User defined options
    buildtype : release
    libexecdir: lib
    prefix    : /usr
    wrap_mode : nodownload

Found ninja-1.12.1 at /usr/bin/ninja
Generating targets: |          | 0/0 eta ?                                          Writing build.ninja:   0%|          | 0/24 eta ?                                                ninja: Entering directory `/home/felix/.cache/yay/hyprland-protocols-git/src/hyprland-protocols/build'
ninja: Entering directory `/home/felix/.cache/yay/hyprland-protocols-git/src/hyprland-protocols/build'
ninja: no work to do.
ninja: no work to do.
INFO: autodetecting backend as ninja
INFO: calculating backend command to run: /usr/bin/ninja -C /home/felix/.cache/yay/hyprland-protocols-git/src/hyprland-protocols/build
INFO: autodetecting backend as ninja
INFO: calculating backend command to run: /usr/bin/ninja -C /home/felix/.cache/yay/hyprland-protocols-git/src/hyprland-protocols/build
==> Entering fakeroot environment...
==> Entering fakeroot environment...
==> Starting package()...
==> Starting package()...
ninja: Entering directory `/home/felix/.cache/yay/hyprland-protocols-git/src/hyprland-protocols/build'
ninja: Entering directory `/home/felix/.cache/yay/hyprland-protocols-git/src/hyprland-protocols/build'
ninja: no work to do.
ninja: no work to do.
Installing /home/felix/.cache/yay/hyprland-protocols-git/src/hyprland-protocols/protocols/hyprland-ctm-control-v1.xml to /home/felix/.cache/yay/hyprland-protocols-git/pkg/hyprland-protocols-git/usr/share/hyprland-protocols/protocols
Installing /home/felix/.cache/yay/hyprland-protocols-git/src/hyprland-protocols/protocols/hyprland-focus-grab-v1.xml to /home/felix/.cache/yay/hyprland-protocols-git/pkg/hyprland-protocols-git/usr/share/hyprland-protocols/protocols
Installing /home/felix/.cache/yay/hyprland-protocols-git/src/hyprland-protocols/protocols/hyprland-global-shortcuts-v1.xml to /home/felix/.cache/yay/hyprland-protocols-git/pkg/hyprland-protocols-git/usr/share/hyprland-protocols/protocols
Installing /home/felix/.cache/yay/hyprland-protocols-git/src/hyprland-protocols/protocols/hyprland-toplevel-export-v1.xml to /home/felix/.cache/yay/hyprland-protocols-git/pkg/hyprland-protocols-git/usr/share/hyprland-protocols/protocols
Installing /home/felix/.cache/yay/hyprland-protocols-git/src/hyprland-protocols/build/hyprland-protocols.pc to /home/felix/.cache/yay/hyprland-protocols-git/pkg/hyprland-protocols-git/usr/share/pkgconfig
Installing /home/felix/.cache/yay/hyprland-protocols-git/src/hyprland-protocols/protocols/hyprland-ctm-control-v1.xml to /home/felix/.cache/yay/hyprland-protocols-git/pkg/hyprland-protocols-git/usr/share/hyprland-protocols/protocols
Installing /home/felix/.cache/yay/hyprland-protocols-git/src/hyprland-protocols/protocols/hyprland-focus-grab-v1.xml to /home/felix/.cache/yay/hyprland-protocols-git/pkg/hyprland-protocols-git/usr/share/hyprland-protocols/protocols
Installing /home/felix/.cache/yay/hyprland-protocols-git/src/hyprland-protocols/protocols/hyprland-global-shortcuts-v1.xml to /home/felix/.cache/yay/hyprland-protocols-git/pkg/hyprland-protocols-git/usr/share/hyprland-protocols/protocols
Installing /home/felix/.cache/yay/hyprland-protocols-git/src/hyprland-protocols/protocols/hyprland-toplevel-export-v1.xml to /home/felix/.cache/yay/hyprland-protocols-git/pkg/hyprland-protocols-git/usr/share/hyprland-protocols/protocols
Installing /home/felix/.cache/yay/hyprland-protocols-git/src/hyprland-protocols/build/hyprland-protocols.pc to /home/felix/.cache/yay/hyprland-protocols-git/pkg/hyprland-protocols-git/usr/share/pkgconfig
==> Tidying install...
==> Tidying install...
  -> Removing libtool files...
  -> Removing libtool files...
  -> Purging unwanted files...
  -> Purging unwanted files...
  -> Removing static library files...
  -> Removing static library files...
  -> Stripping unneeded symbols from binaries and libraries...
  -> Stripping unneeded symbols from binaries and libraries...
  -> Compressing man and info pages...
  -> Compressing man and info pages...
==> Checking for packaging issues...
==> Checking for packaging issues...
==> Creating package "hyprland-protocols-git"...
==> Creating package "hyprland-protocols-git"...
  -> Generating .PKGINFO file...
  -> Generating .PKGINFO file...
  -> Generating .BUILDINFO file...
  -> Generating .BUILDINFO file...
  -> Generating .MTREE file...
  -> Generating .MTREE file...
  -> Compressing package...
  -> Compressing package...
==> Leaving fakeroot environment.
==> Leaving fakeroot environment.
==> Finished making: hyprland-protocols-git 0.4.0.r1.a7c1838-1 (Mon 23 Dec 2024 12:13:26 PM -03)
==> Finished making: hyprland-protocols-git 0.4.0.r1.a7c1838-1 (Mon 23 Dec 2024 12:13:26 PM -03)
==> Cleaning up...
==> Cleaning up...
==> Making package: hyprlang-git 0.6.0.r3.g16e59c1e-1 (Mon 23 Dec 2024 12:13:27 PM -03)
==> Making package: hyprlang-git 0.6.0.r3.g16e59c1e-1 (Mon 23 Dec 2024 12:13:27 PM -03)
==> Checking runtime dependencies...
==> Checking runtime dependencies...
==> Missing dependencies:
  -> hyprutils-git
==> Missing dependencies:
  -> hyprutils-git
==> Checking buildtime dependencies...
==> Checking buildtime dependencies...
==> ERROR: Could not resolve all dependencies.
 -> error making: hyprlang-git-exit status 8
==> Making package: xdg-desktop-portal-hyprland-git 1.3.6.r1.gfb9c8d66-2 (Mon 23 Dec 2024 12:13:29 PM -03)
==> Making package: xdg-desktop-portal-hyprland-git 1.3.6.r1.gfb9c8d66-2 (Mon 23 Dec 2024 12:13:29 PM -03)
==> Checking runtime dependencies...
==> Checking runtime dependencies...
==> Missing dependencies:
==> Missing dependencies:
  -> hyprlang-git
  -> hyprlang-git
  -> hyprwayland-scanner-git>=0.4.2
  -> hyprwayland-scanner-git>=0.4.2
  -> hyprutils-git
  -> hyprutils-git
==> Checking buildtime dependencies...
==> Checking buildtime dependencies...
==> Missing dependencies:
  -> hyprland-protocols-git
==> Missing dependencies:
  -> hyprland-protocols-git
==> ERROR: Could not resolve all dependencies.
 -> error making: xdg-desktop-portal-hyprland-git-exit status 8
==> Making package: hyprutils-git 0.3.0.r0.g5e45b1a1-1 (Mon 23 Dec 2024 12:13:31 PM -03)
==> Making package: hyprutils-git 0.3.0.r0.g5e45b1a1-1 (Mon 23 Dec 2024 12:13:31 PM -03)
==> Checking runtime dependencies...
==> Checking runtime dependencies...
==> Checking buildtime dependencies...
==> Checking buildtime dependencies...
==> Retrieving sources...
==> Retrieving sources...
  -> Updating hyprutils git repo...
  -> Updating hyprutils git repo...
==> Validating source files with sha256sums...
==> Validating source files with sha256sums...
    hyprutils ... Skipped
==> Removing existing $srcdir/ directory...
==> Removing existing $srcdir/ directory...
==> Extracting sources...
==> Extracting sources...
  -> Creating working copy of hyprutils git repo...
  -> Creating working copy of hyprutils git repo...
Cloning into 'hyprutils'...
done.
==> Starting pkgver()...
==> Starting pkgver()...
==> Sources are ready.
==> Sources are ready.
 -> hyprutils-git-0.3.0.r0.g5e45b1a1-1 already made -- skipping build
 -> hyprutils-git-0.3.0.r0.g5e45b1a1-1 already made -- skipping build
==> Making package: hyprutils-git 0.3.0.r0.g5e45b1a1-1 (Mon 23 Dec 2024 12:13:36 PM -03)
==> Making package: hyprutils-git 0.3.0.r0.g5e45b1a1-1 (Mon 23 Dec 2024 12:13:36 PM -03)
==> Checking runtime dependencies...
==> Checking runtime dependencies...
==> Checking buildtime dependencies...
==> Checking buildtime dependencies...
==> WARNING: Using existing $srcdir/ tree
==> Starting pkgver()...
==> Starting pkgver()...
==> Sources are ready.
==> Sources are ready.
loading packages...
resolving dependencies...
loading packages...
resolving dependencies...
looking for conflicting packages...
looking for conflicting packages...
:: hyprwayland-scanner-git-0.4.2.r3.g4d7367b6-1 and hyprwayland-scanner-0.4.2-1 are in conflict. Remove hyprwayland-scanner? [y/N] 
:: hyprwayland-scanner-git-0.4.2.r3.g4d7367b6-1 and hyprwayland-scanner-0.4.2-1 are in conflict
error: unresolvable package conflicts detected
error: failed to prepare transaction (conflicting dependencies)
:: hyprwayland-scanner-git-0.4.2.r3.g4d7367b6-1 and hyprwayland-scanner-0.4.2-1 are in conflict. Remove hyprwayland-scanner? [y/N] 
:: hyprwayland-scanner-git-0.4.2.r3.g4d7367b6-1 and hyprwayland-scanner-0.4.2-1 are in conflict
 -> error installing: [/home/felix/.cache/yay/hyprutils-git/hyprutils-git-0.3.0.r0.g5e45b1a1-1-x86_64.pkg.tar.zst /home/felix/.cache/yay/hyprutils-git/hyprutils-git-debug-0.3.0.r0.g5e45b1a1-1-x86_64.pkg.tar.zst] - exit status 1
error making: hyprlang-git - exit status 8
error installing: [/home/felix/.cache/yay/hyprwayland-scanner-git/hyprwayland-scanner-git-0.4.2.r3.g4d7367b6-1-x86_64.pkg.tar.zst /home/felix/.cache/yay/hyprwayland-scanner-git/hyprwayland-scanner-git-debug-0.4.2.r3.g4d7367b6-1-x86_64.pkg.tar.zst /home/felix/.cache/yay/hyprland-protocols-git/hyprland-protocols-git-0.4.0.r1.a7c1838-1-x86_64.pkg.tar.zst /home/felix/.cache/yay/hyprutils-git/hyprutils-git-0.3.0.r0.g5e45b1a1-1-x86_64.pkg.tar.zst /home/felix/.cache/yay/hyprutils-git/hyprutils-git-debug-0.3.0.r0.g5e45b1a1-1-x86_64.pkg.tar.zst] - exit status 1
[32m---> insomnia is available in the repositories or AUR.[0m
[32m---> ripgrep is available in the repositories or AUR.[0m
[33m---> Installing workspace packages...[0m
[32m---> nodejs is available in the repositories or AUR.[0m
[32m---> npm is available in the repositories or AUR.[0m
[32m---> nvm is available in the repositories or AUR.[0m
[32m---> python is available in the repositories or AUR.[0m
[32m---> python-pip is available in the repositories or AUR.[0m
[32m---> docker is available in the repositories or AUR.[0m
[32m---> docker-compose is available in the repositories or AUR.[0m
[32m---> php is available in the repositories or AUR.[0m
[32m---> sqlite is available in the repositories or AUR.[0m
[33m---> laravel not found. Installing with yay...[0m
 -> No AUR package found for laravel
 there is nothing to do
 there is nothing to do
[32m---> composer is available in the repositories or AUR.[0m
[32m---> datagrip is available in the repositories or AUR.[0m
[33m---> jre-openjdk not found. Installing with yay...[0m
Sync Explicit (1): jre-openjdk-23.0.1.u0-1
Sync Explicit (1): jre-openjdk-23.0.1.u0-1
resolving dependencies...
resolving dependencies...
looking for conflicting packages...
looking for conflicting packages...

Packages (1) jre-openjdk-23.0.1.u0-1

Total Installed Size:  148.02 MiB

:: Proceed with installation? [Y/n] 
Packages (1) jre-openjdk-23.0.1.u0-1

Total Installed Size:  148.02 MiB

:: Proceed with installation? [Y/n] 
checking keyring...

checking keyring...
checking package integrity...
checking package integrity...
loading package files...
loading package files...
checking for file conflicts...
checking for file conflicts...
checking available disk space...
checking available disk space...
:: Processing package changes...
installing jre-openjdk...
:: Processing package changes...
installing jre-openjdk...
when you use a non-reparenting window manager,
set _JAVA_AWT_WM_NONREPARENTING=1 in /etc/profile.d/jre.sh
when you use a non-reparenting window manager,
set _JAVA_AWT_WM_NONREPARENTING=1 in /etc/profile.d/jre.sh
Optional dependencies for jre-openjdk
    alsa-lib: for basic sound support [installed]
    gtk3: for the Gtk+ 3 look and feel - desktop usage [installed]
Optional dependencies for jre-openjdk
    alsa-lib: for basic sound support [installed]
    gtk3: for the Gtk+ 3 look and feel - desktop usage [installed]
:: Running post-transaction hooks...
(1/2) Arming ConditionNeedsUpdate...
:: Running post-transaction hooks...
(1/2) Arming ConditionNeedsUpdate...
(2/2) Updating the desktop file MIME type cache...
(2/2) Updating the desktop file MIME type cache...
[32m---> android-studio is available in the repositories or AUR.[0m
[33m---> Cloning dotfiles repository...[0m
Cloning into 'dotfiles'...
[33m---> Stowing dotfiles...[0m
WARNING! stowing . would cause conflicts:
  * cannot stow dotfiles/installation.log over existing target installation.log since neither a link nor a directory and --adopt not specified
All operations aborted.
[33m---> Changing default shell to zsh...[0m
Password: 
chsh: Shell not changed.
Changing shell for felix.
Changing shell for felix.
